INFO 2024-02-05 12:27:52,844 strategy 35491 6210859008 Traceback (most recent call last):
  File "/Users/sid/Desktop/algo-trading/PROFESSIONAL/BASE_DJANGO/datamanagement/helpful_scripts/strategy.py", line 204, in run
    self.main()
  File "/Users/sid/Desktop/algo-trading/PROFESSIONAL/BASE_DJANGO/datamanagement/helpful_scripts/strategy.py", line 185, in main
    df=self.download_ohlc(ticker)
       ^^^^^^^^^^^^^^^^^^^^^^^^^^
  File "/Users/sid/Desktop/algo-trading/PROFESSIONAL/BASE_DJANGO/datamanagement/helpful_scripts/strategy.py", line 97, in download_ohlc
    data=self.client.fetch_ohlcv(instrument,timeframe=self.admin['time_frame'])
         ^^^^^^^^^^^
AttributeError: 'run_strategy' object has no attribute 'client'

INFO 2024-02-05 12:27:57,329 strategy 35507 6203731968 Traceback (most recent call last):
  File "/Users/sid/Desktop/algo-trading/PROFESSIONAL/BASE_DJANGO/datamanagement/helpful_scripts/strategy.py", line 204, in run
    self.main()
  File "/Users/sid/Desktop/algo-trading/PROFESSIONAL/BASE_DJANGO/datamanagement/helpful_scripts/strategy.py", line 185, in main
    df=self.download_ohlc(ticker)
       ^^^^^^^^^^^^^^^^^^^^^^^^^^
  File "/Users/sid/Desktop/algo-trading/PROFESSIONAL/BASE_DJANGO/datamanagement/helpful_scripts/strategy.py", line 97, in download_ohlc
    data=self.client.fetch_ohlcv(instrument,timeframe=self.admin['time_frame'])
         ^^^^^^^^^^^
AttributeError: 'run_strategy' object has no attribute 'client'

INFO 2024-02-11 12:21:57,489 strategy 24731 6197407744 Traceback (most recent call last):
  File "/Users/sid/Desktop/algo-trading/PROFESSIONAL/BASE_DJANGO/datamanagement/helpful_scripts/strategy.py", line 206, in run
    self.main()
  File "/Users/sid/Desktop/algo-trading/PROFESSIONAL/BASE_DJANGO/datamanagement/helpful_scripts/strategy.py", line 187, in main
    df=self.download_ohlc(ticker)
       ^^^^^^^^^^^^^^^^^^^^^^^^^^
  File "/Users/sid/Desktop/algo-trading/PROFESSIONAL/BASE_DJANGO/datamanagement/helpful_scripts/strategy.py", line 99, in download_ohlc
    data=self.client.fetch_ohlcv(instrument,timeframe=self.admin['time_frame'])
         ^^^^^^^^^^^
AttributeError: 'run_strategy' object has no attribute 'client'

INFO 2024-02-12 08:44:07,925 strategy 30057 6210613248 Traceback (most recent call last):
  File "/Users/sid/Desktop/algo-trading/PROFESSIONAL/BASE_DJANGO/datamanagement/helpful_scripts/strategy.py", line 214, in run
    self.main()
  File "/Users/sid/Desktop/algo-trading/PROFESSIONAL/BASE_DJANGO/datamanagement/helpful_scripts/strategy.py", line 195, in main
    df=self.download_ohlc(ticker)
       ^^^^^^^^^^^^^^^^^^^^^^^^^^
  File "/Users/sid/Desktop/algo-trading/PROFESSIONAL/BASE_DJANGO/datamanagement/helpful_scripts/strategy.py", line 107, in download_ohlc
    data=self.client.fetch_ohlcv(instrument,timeframe=self.admin['time_frame'])
         ^^^^^^^^^^^
AttributeError: 'run_strategy' object has no attribute 'client'

